reloaded success
forward: layer1_conv1: -0.06873162090778351 -10346.033203125
forward: layer1_relu1: -0.05778738483786583 -185570.546875
forward: layer1_conv2: 0.28507915139198303 915464.4375
forward: layer1_relu2: -0.013939479365944862 -44763.34765625
forward: layer1_maxpool: 0.33006376028060913 1059921.875
forward: layer2_conv1: 0.4298982322216034 345129.1875
forward: layer2_relu1: 0.017751257866621017 28501.98828125
forward: layer2_conv2: 0.3358146846294403 539194.8125
forward: layer2_relu2: 0.029406482353806496 47215.98828125
forward: layer2_maxpool: 0.34632712602615356 556073.9375
forward: layer3_conv1: 0.5311101675033569 213191.875
forward: layer3_relu1: 0.003264831844717264 2621.059326171875
forward: layer3_conv2: 0.3423604369163513 274852.4375
forward: layer3_relu2: 0.018941137939691544 15206.248046875
forward: layer3_conv3: 0.3454575836658478 277338.875
forward: layer3_relu3: -0.013854059390723705 -11122.2607421875
forward: layer3_maxpool: 0.32738643884658813 262831.0625
forward: layer4_conv1: 0.596550703048706 119730.109375
forward: layer4_relu1: 0.0014814476016908884 594.6649169921875
forward: layer4_conv2: 0.33410972356796265 134114.3125
forward: layer4_relu2: 0.0025864504277706146 1038.221923828125
forward: layer4_conv3: 0.3303680717945099 132612.390625
forward: layer4_relu3: 0.037846896797418594 15192.046875
forward: layer4_maxpool: 0.3491385281085968 140147.0
forward: layer5_conv1: 0.695088267326355 69753.5
forward: layer5_relu1: 0.01296419557183981 1300.98291015625
forward: layer5_conv2: 0.35738039016723633 35863.8359375
forward: layer5_relu2: -0.03126288950443268 -3137.29345703125
forward: layer5_conv3: 0.35006460547447205 35129.68359375
forward: layer5_relu3: -0.007918775081634521 -794.6649169921875
forward: layer5_maxpool: 0.36700019240379333 36829.203125
forward: flatten: 0.7064959406852722 17724.5703125
forward: fullyconnect1: 0.7064959406852722 17724.5703125
forward: relu1: 0.09846813976764679 403.32550048828125
forward: fullyconnect2: 0.3777786195278168 1547.3812255859375
forward: relu2: 0.05010776221752167 205.24139404296875
forward: fullyconnect3: 0.2082405686378479 852.953369140625
[[-2.7988272   0.46775296 -2.3161108   5.406887  ]]
tulips
4.946979522705078
backward: fullyconnect3: 9.98261384665966e-09 3.993045538663864e-08
backward: relu2: 6.210785606519026e-05 0.2543937784430193
backward: fullyconnect2: 0.0012413157711905797 5.0844293987966145
backward: relu1: 0.00024674972688734474 1.010686881330564
backward: fullyconnect1: 0.0006194986565929538 2.537466497404739
backward: flatten: 8.395934443405265e-05 2.106372033161513
backward: layer5_maxpool: 8.395934443405265e-05 2.106372033161513
backward: layer5_relu3: 2.0989836108513163e-05 2.106372033161513
backward: layer5_conv3: 2.941355971560495e-05 2.951709544580388
backward: layer5_relu2: 8.840234590209373e-06 0.887135221596691
backward: layer5_conv2: 3.344091892276033e-05 3.3558630957368445
backward: layer5_relu1: 2.1671756859541487e-05 2.174804144368707
backward: layer5_conv1: 4.047363868077416e-05 4.061610588893048
backward: layer4_maxpool: 3.531487219315039e-05 3.5439180543270283
backward: layer4_relu3: 8.8287180482876e-06 3.5439180543270288
backward: layer4_conv3: 1.2349069365368748e-05 4.957015235813938
backward: layer4_relu2: 7.974775863263001e-07 0.32011388297206744
backward: layer4_conv2: 1.3892953178508677e-05 5.576742549478811
backward: layer4_relu1: -7.827718956028219e-06 -3.1421090107013754
backward: layer4_conv1: 9.923590299026063e-06 3.983408534751454
backward: layer3_maxpool: -7.271325790365325e-06 -1.4593841714294822
backward: layer3_relu3: -1.81783144759133e-06 -1.4593841714294813
backward: layer3_conv3: 1.2824905789958983e-06 1.029603956667171
backward: layer3_relu2: 1.1030134089646165e-05 8.855168129313375
backward: layer3_conv2: 1.0308848533072198e-05 8.27610854392689
backward: layer3_relu1: 8.370184564961761e-06 6.719718091704341
backward: layer3_conv1: 1.2672711583027946e-05 10.173855622240163
backward: layer2_maxpool: -4.74955677950752e-06 -1.9065100877485546
backward: layer2_relu2: -1.18738919487688e-06 -1.9065100877485546
backward: layer2_conv2: 2.617759634026836e-06 4.203158636701777
backward: layer2_relu1: 1.547701240962475e-07 0.24850386389290607
backward: layer2_conv1: 4.2199326817632846e-06 6.775658951684946
backward: layer1_maxpool: -8.022843311243627e-06 -6.440866975759364
backward: layer1_relu2: -2.00571082781091e-06 -6.440866975759374
backward: layer1_conv2: -3.652575644294478e-07 -1.1729384673799663
backward: layer1_relu1: 9.58206653922831e-08 0.3077054532302846
backward: layer1_conv1: 4.2874589455088885e-07 1.3768162563190656
-3.045751659149646e-06 -0.4584709057484779
123.349449634552
